{"$message_type":"diagnostic","message":"mismatched types","code":{"code":"E0308","explanation":"Expected type did not match the received type.\n\nErroneous code examples:\n\n```compile_fail,E0308\nfn plus_one(x: i32) -> i32 {\n    x + 1\n}\n\nplus_one(\"Not a number\");\n//       ^^^^^^^^^^^^^^ expected `i32`, found `&str`\n\nif \"Not a bool\" {\n// ^^^^^^^^^^^^ expected `bool`, found `&str`\n}\n\nlet x: f32 = \"Not a float\";\n//     ---   ^^^^^^^^^^^^^ expected `f32`, found `&str`\n//     |\n//     expected due to this\n```\n\nThis error occurs when an expression was used in a place where the compiler\nexpected an expression of a different type. It can occur in several cases, the\nmost common being when calling a function and passing an argument which has a\ndifferent type than the matching type in the function declaration.\n"},"level":"error","spans":[{"file_name":"src/main.rs","byte_start":274,"byte_end":285,"line_start":14,"line_end":14,"column_start":19,"column_end":30,"is_primary":true,"text":[{"text":"fn function1() -> fmt::Result {","highlight_start":19,"highlight_end":30}],"label":"expected `Result<(), Error>`, found `()`","suggested_replacement":null,"suggestion_applicability":null,"expansion":null},{"file_name":"src/main.rs","byte_start":259,"byte_end":268,"line_start":14,"line_end":14,"column_start":4,"column_end":13,"is_primary":false,"text":[{"text":"fn function1() -> fmt::Result {","highlight_start":4,"highlight_end":13}],"label":"implicitly returns `()` as its body has no tail or `return` expression","suggested_replacement":null,"suggestion_applicability":null,"expansion":null}],"children":[{"message":"  expected enum `Result<(), std::fmt::Error>`\nfound unit type `()`","code":null,"level":"note","spans":[],"children":[],"rendered":null}],"rendered":"\u001b[1m\u001b[91merror[E0308]\u001b[0m\u001b[1m: mismatched types\u001b[0m\n  \u001b[1m\u001b[94m--> \u001b[0msrc/main.rs:14:19\n   \u001b[1m\u001b[94m|\u001b[0m\n\u001b[1m\u001b[94m14\u001b[0m \u001b[1m\u001b[94m|\u001b[0m fn function1() -> fmt::Result {\n   \u001b[1m\u001b[94m|\u001b[0m    \u001b[1m\u001b[94m---------\u001b[0m      \u001b[1m\u001b[91m^^^^^^^^^^^\u001b[0m \u001b[1m\u001b[91mexpected `Result<(), Error>`, found `()`\u001b[0m\n   \u001b[1m\u001b[94m|\u001b[0m    \u001b[1m\u001b[94m|\u001b[0m\n   \u001b[1m\u001b[94m|\u001b[0m    \u001b[1m\u001b[94mimplicitly returns `()` as its body has no tail or `return` expression\u001b[0m\n   \u001b[1m\u001b[94m|\u001b[0m\n   \u001b[1m\u001b[94m= \u001b[0m\u001b[1mnote\u001b[0m:   expected enum `\u001b[1m\u001b[35mResult<(), std::fmt::Error>\u001b[0m`\n           found unit type `\u001b[1m\u001b[35m()\u001b[0m`\n\n"}
{"$message_type":"diagnostic","message":"mismatched types","code":{"code":"E0308","explanation":"Expected type did not match the received type.\n\nErroneous code examples:\n\n```compile_fail,E0308\nfn plus_one(x: i32) -> i32 {\n    x + 1\n}\n\nplus_one(\"Not a number\");\n//       ^^^^^^^^^^^^^^ expected `i32`, found `&str`\n\nif \"Not a bool\" {\n// ^^^^^^^^^^^^ expected `bool`, found `&str`\n}\n\nlet x: f32 = \"Not a float\";\n//     ---   ^^^^^^^^^^^^^ expected `f32`, found `&str`\n//     |\n//     expected due to this\n```\n\nThis error occurs when an expression was used in a place where the compiler\nexpected an expression of a different type. It can occur in several cases, the\nmost common being when calling a function and passing an argument which has a\ndifferent type than the matching type in the function declaration.\n"},"level":"error","spans":[{"file_name":"src/main.rs","byte_start":325,"byte_end":339,"line_start":18,"line_end":18,"column_start":19,"column_end":33,"is_primary":true,"text":[{"text":"fn function2() -> io::Result<()> {","highlight_start":19,"highlight_end":33}],"label":"expected `Result<(), Error>`, found `()`","suggested_replacement":null,"suggestion_applicability":null,"expansion":null},{"file_name":"src/main.rs","byte_start":310,"byte_end":319,"line_start":18,"line_end":18,"column_start":4,"column_end":13,"is_primary":false,"text":[{"text":"fn function2() -> io::Result<()> {","highlight_start":4,"highlight_end":13}],"label":"implicitly returns `()` as its body has no tail or `return` expression","suggested_replacement":null,"suggestion_applicability":null,"expansion":null}],"children":[{"message":"  expected enum `Result<(), std::io::Error>`\nfound unit type `()`","code":null,"level":"note","spans":[],"children":[],"rendered":null}],"rendered":"\u001b[1m\u001b[91merror[E0308]\u001b[0m\u001b[1m: mismatched types\u001b[0m\n  \u001b[1m\u001b[94m--> \u001b[0msrc/main.rs:18:19\n   \u001b[1m\u001b[94m|\u001b[0m\n\u001b[1m\u001b[94m18\u001b[0m \u001b[1m\u001b[94m|\u001b[0m fn function2() -> io::Result<()> {\n   \u001b[1m\u001b[94m|\u001b[0m    \u001b[1m\u001b[94m---------\u001b[0m      \u001b[1m\u001b[91m^^^^^^^^^^^^^^\u001b[0m \u001b[1m\u001b[91mexpected `Result<(), Error>`, found `()`\u001b[0m\n   \u001b[1m\u001b[94m|\u001b[0m    \u001b[1m\u001b[94m|\u001b[0m\n   \u001b[1m\u001b[94m|\u001b[0m    \u001b[1m\u001b[94mimplicitly returns `()` as its body has no tail or `return` expression\u001b[0m\n   \u001b[1m\u001b[94m|\u001b[0m\n   \u001b[1m\u001b[94m= \u001b[0m\u001b[1mnote\u001b[0m:   expected enum `\u001b[1m\u001b[35mResult<(), std::io::Error>\u001b[0m`\n           found unit type `\u001b[1m\u001b[35m()\u001b[0m`\n\n"}
{"$message_type":"diagnostic","message":"aborting due to 2 previous errors","code":null,"level":"error","spans":[],"children":[],"rendered":"\u001b[1m\u001b[91merror\u001b[0m\u001b[1m: aborting due to 2 previous errors\u001b[0m\n\n"}
{"$message_type":"diagnostic","message":"For more information about this error, try `rustc --explain E0308`.","code":null,"level":"failure-note","spans":[],"children":[],"rendered":"\u001b[1mFor more information about this error, try `rustc --explain E0308`.\u001b[0m\n"}
